<?xml version="1.0" encoding="UTF-8"?>
<testsuite xmlns:xsi="http://www.w3.org/2001/XMLSchema-instance" xsi:noNamespaceSchemaLocation="https://maven.apache.org/surefire/maven-surefire-plugin/xsd/surefire-test-report.xsd" name="app.domain.model.EmployeeTest" time="0.005" tests="11" errors="0" skipped="0" failures="0">
  <properties>
[...]
</properties>
  <testcase name="setCitizenCardNumber" classname="app.domain.model.EmployeeTest" time="0"/>
  <testcase name="getPhoneNumber" classname="app.domain.model.EmployeeTest" time="0"/>
  <testcase name="getCitizenCardNumber" classname="app.domain.model.EmployeeTest" time="0.001"/>
  <testcase name="testToString" classname="app.domain.model.EmployeeTest" time="0"/>
  <testcase name="getAddress" classname="app.domain.model.EmployeeTest" time="0"/>
  <testcase name="getName" classname="app.domain.model.EmployeeTest" time="0"/>
  <testcase name="getEmailAddress" classname="app.domain.model.EmployeeTest" time="0.001"/>
  <testcase name="setPhoneNumber" classname="app.domain.model.EmployeeTest" time="0"/>
  <testcase name="setEmailAddress" classname="app.domain.model.EmployeeTest" time="0"/>
  <testcase name="setAddress" classname="app.domain.model.EmployeeTest" time="0"/>
  <testcase name="setName" classname="app.domain.model.EmployeeTest" time="0"/>
</testsuite>